GET /api/persons 200 223 - 1.553 ms {}
POST /api/persons/ 201 60 - 0.391 ms {"number":"123 456 789","name":"Christian Kruf"}
GET /api/persons 200 223 - 1.439 ms {}
GET /favicon.ico 404 150 - 1.233 ms {}
POST /api/persons/ 201 60 - 0.366 ms {"number":"123 456 789","name":"Christian Kruf"}
GET /api/persons 200 284 - 0.445 ms {}
GET /api/persons 304 - - 0.248 ms {}
GET /api/persons 304 - - 0.280 ms {}
GET /api/persons 200 223 - 1.720 ms {}
GET /api/persons 304 - - 1.655 ms {}
GET /api/persons 304 - - 0.700 ms {}
GET /api/persons 304 - - 0.341 ms {}
GET /api/persons/ 200 223 - 0.572 ms {}
GET /api/persons/ 304 - - 0.290 ms {}
GET /api/persons 304 - - 0.294 ms {}
GET /api/persons 304 - - 0.269 ms {}
GET /api/persons/ 304 - - 0.222 ms {}
GET /api/persons 304 - - 2.685 ms {}
GET /favicon.ico 200 3870 - 1.839 ms {}
GET / 200 584 - 0.677 ms {}
GET /static/js/main.e28f386c.js 200 165960 - 0.697 ms {}
GET /api/persons 304 - - 0.533 ms {}
GET /manifest.json 200 492 - 0.401 ms {}
GET /logo192.png 200 5347 - 0.318 ms {}
GET /manifest.json 304 - - 0.421 ms {}
GET /static/js/main.e28f386c.js.map 200 455165 - 0.673 ms {}
GET / 304 - - 0.320 ms {}
GET /static/js/main.e28f386c.js 304 - - 0.453 ms {}
GET /static/js/main.e28f386c.js.map 200 455165 - 0.462 ms {}
GET /api/persons 304 - - 0.419 ms {}
GET /favicon.ico 304 - - 0.612 ms {}
GET /manifest.json 304 - - 0.602 ms {}
GET /logo192.png 304 - - 0.277 ms {}
GET /api/persons 304 - - 2.743 ms {}
GET / 304 - - 0.948 ms {}
GET /static/js/main.e28f386c.js 304 - - 0.327 ms {}
GET /manifest.json 304 - - 0.332 ms {}
GET /logo192.png 304 - - 0.304 ms {}
GET /api/persons 200 223 - 2.644 ms {}
GET /info 200 124 - 5.373 ms {}
GET /info 200 109 - 35.070 ms {}
GET /favicon.ico 304 - - 0.841 ms {}
POST /api/persons 201 81 - 3.056 ms {"number":"123 456 789","name":"Bara Havlickova"}
GET /info 200 109 - 30.650 ms {}
GET /favicon.ico 304 - - 0.318 ms {}
GET /api/persons 200 164 - 35.990 ms {}
GET /favicon.ico 304 - - 0.896 ms {}
GET /api/persons 304 - - 38.700 ms {}
GET /favicon.ico 304 - - 0.910 ms {}
GET /api/persons/6307ae5a4fb6ee913d198f17 200 80 - 28.607 ms {}
DELETE /api/persons/6307ae5a4fb6ee913d198f17 204 - - 0.710 ms {}
GET /api/persons 200 83 - 46.725 ms {}
POST /api/persons 201 78 - 1.821 ms {"name":"Christian Kruf","number":"123456789"}
GET /api/persons 200 162 - 25.508 ms {}
GET /favicon.ico 304 - - 0.430 ms {}
DELETE /api/persons/630859d9f86fb58e45846814 204 - - 0.535 ms {}
GET /api/persons 200 83 - 32.923 ms {}
GET /favicon.ico 304 - - 0.407 ms {}
POST /api/persons 201 78 - 4.170 ms {"name":"Christian Kruf","number":"123456789"}
GET /api/persons 200 162 - 33.520 ms {}
GET /favicon.ico 304 - - 0.802 ms {}
DELETE /api/persons/630859fcc02bdb88e8d51ebd 204 - - 218.530 ms {}
GET /api/persons 200 83 - 56.553 ms {}
POST /api/persons 201 80 - 0.604 ms {"name":"Christian Kruf","number":"123 456 789"}
GET / 200 584 - 2.913 ms {}
GET /static/js/main.e28f386c.js 200 165960 - 0.681 ms {}
GET /manifest.json 200 492 - 0.451 ms {}
GET /logo192.png 200 5347 - 0.548 ms {}
GET /api/persons 200 164 - 489.703 ms {}
GET / 304 - - 0.571 ms {}
GET /static/js/main.e28f386c.js 304 - - 0.290 ms {}
GET /manifest.json 304 - - 0.439 ms {}
GET /favicon.ico 200 3870 - 1.147 ms {}
GET /logo192.png 304 - - 0.273 ms {}
GET /api/persons 304 - - 165.759 ms {}
GET /api/persons 304 - - 28.188 ms {}
GET /api/persons 200 164 - 33.192 ms {}
GET / 304 - - 0.330 ms {}
GET /static/js/main.e28f386c.js 304 - - 0.298 ms {}
GET /manifest.json 304 - - 0.248 ms {}
GET /logo192.png 304 - - 0.268 ms {}
GET /api/persons 304 - - 31.799 ms {}
GET /api/persons 304 - - 30.262 ms {}
GET / 304 - - 0.226 ms {}
GET /static/js/main.e28f386c.js 304 - - 0.270 ms {}
GET /api/persons 304 - - 28.327 ms {}
GET /manifest.json 304 - - 0.247 ms {}
GET /logo192.png 304 - - 0.188 ms {}
GET /api/persons 304 - - 33.473 ms {}
GET /api/persons/63085ab2c02bdb88e8d51ec4 200 80 - 28.202 ms {}
GET /api/persons/someinvalidid 404 - - 4.089 ms {}
GET /api/persons/someinvalidid 400 27 - 4.913 ms {}
GET / 200 584 - 2.417 ms {}
GET /static/js/main.6ee7c017.js 200 165948 - 0.739 ms {}
GET /api/persons 304 - - 32.449 ms {}
GET /manifest.json 200 492 - 0.365 ms {}
GET /logo192.png 200 5347 - 0.349 ms {}
POST /api/persons 201 80 - 1.968 ms {"name":"Tomas Hornicek","number":"123 456 789"}
DELETE /api/persons/630b0a356894ae5c68ae768d 204 - - 77.559 ms {}
GET / 304 - - 0.327 ms {}
GET /static/js/main.6ee7c017.js 304 - - 0.328 ms {}
GET /manifest.json 304 - - 0.531 ms {}
GET /favicon.ico 200 3870 - 1.095 ms {}
GET /api/persons 200 164 - 27.503 ms {}
GET /logo192.png 304 - - 0.306 ms {}
POST /api/persons 201 80 - 0.461 ms {"name":"Tomas Hornicek","number":"123 456 789"}
GET / 304 - - 2.034 ms {}
GET /static/js/main.6ee7c017.js 304 - - 0.496 ms {}
GET /favicon.ico 304 - - 0.230 ms {}
GET /manifest.json 304 - - 0.212 ms {}
GET /api/persons 200 245 - 32.946 ms {}
GET /logo192.png 304 - - 0.224 ms {}
GET / 304 - - 0.478 ms {}
PUT /api/persons/630b0a516894ae5c68ae7693 - - - - ms {"number":"987 654 321"}
GET /static/js/main.6ee7c017.js 304 - - 0.481 ms {}
GET /manifest.json 304 - - 0.373 ms {}
GET /favicon.ico 304 - - 0.326 ms {}
GET /logo192.png 304 - - 0.262 ms {}
GET /api/persons 200 245 - 26.499 ms {}
GET / 304 - - 0.378 ms {}
PUT /api/persons/630b0a516894ae5c68ae7693 - - - - ms {"number":"32465654654"}
GET /static/js/main.6ee7c017.js 304 - - 0.334 ms {}
GET /favicon.ico 304 - - 0.579 ms {}
GET /manifest.json 304 - - 0.551 ms {}
GET /api/persons 200 245 - 24.445 ms {}
GET /logo192.png 304 - - 0.192 ms {}
GET /manifest.json 304 - - 0.280 ms {}
GET /static/js/main.6ee7c017.js.map 200 455109 - 0.863 ms {}
GET / 304 - - 0.203 ms {}
PUT /api/persons/630b0a516894ae5c68ae7693 - - - - ms {"number":"65464231"}
GET /static/js/main.6ee7c017.js 304 - - 0.348 ms {}
GET /static/js/main.6ee7c017.js.map 200 455109 - 0.398 ms {}
GET /api/persons 200 242 - 25.125 ms {}
GET /favicon.ico 304 - - 0.380 ms {}
GET /manifest.json 304 - - 0.398 ms {}
GET /logo192.png 304 - - 0.183 ms {}
GET / 304 - - 0.282 ms {}
PUT /api/persons/630b0a516894ae5c68ae7693 - - - - ms {"number":"6561323"}
GET /static/js/main.6ee7c017.js 304 - - 0.269 ms {}
GET /static/js/main.6ee7c017.js.map 200 455109 - 0.545 ms {}
GET /api/persons 200 241 - 28.020 ms {}
GET /favicon.ico 304 - - 0.357 ms {}
GET /manifest.json 304 - - 0.155 ms {}
GET /logo192.png 304 - - 0.150 ms {}
GET / 200 584 - 2.775 ms {}
GET /static/js/main.de3208da.js 200 166023 - 0.882 ms {}
GET /static/js/main.de3208da.js.map 200 455314 - 0.504 ms {}
GET /api/persons 304 - - 32.308 ms {}
GET /favicon.ico 200 3870 - 0.927 ms {}
GET /manifest.json 200 492 - 0.838 ms {}
GET /logo192.png 200 5347 - 0.294 ms {}
GET / 200 584 - 2.788 ms {}
GET /static/js/main.92e2d00a.js 200 166099 - 0.670 ms {}
GET /static/js/main.92e2d00a.js.map 200 455497 - 0.492 ms {}
GET /api/persons 200 243 - 32.415 ms {}
GET /favicon.ico 200 3870 - 1.186 ms {}
GET /manifest.json 200 492 - 1.291 ms {}
GET /logo192.png 200 5347 - 0.318 ms {}
GET / 304 - - 0.557 ms {}
PUT /api/persons/630b0a516894ae5c68ae7693 - - - - ms {"number":"987654321"}
GET /static/js/main.92e2d00a.js 304 - - 0.316 ms {}
GET /static/js/main.92e2d00a.js.map 200 455497 - 0.495 ms {}
GET /api/persons 200 243 - 26.866 ms {}
GET /favicon.ico 304 - - 0.376 ms {}
GET /manifest.json 304 - - 0.150 ms {}
GET /logo192.png 304 - - 0.280 ms {}
GET / 304 - - 2.065 ms {}
GET /static/js/main.92e2d00a.js 304 - - 0.496 ms {}
GET /static/js/main.92e2d00a.js.map 200 455497 - 1.093 ms {}
GET /api/persons 200 243 - 31.402 ms {}
GET /favicon.ico 304 - - 0.420 ms {}
GET /manifest.json 304 - - 0.204 ms {}
GET /logo192.png 304 - - 0.189 ms {}
GET / 304 - - 1.798 ms {}
GET /static/js/main.92e2d00a.js 304 - - 0.526 ms {}
GET /static/js/main.92e2d00a.js.map 200 455497 - 1.535 ms {}
GET /api/persons 200 244 - 34.839 ms {}
GET /favicon.ico 304 - - 0.587 ms {}
GET /manifest.json 304 - - 0.551 ms {}
GET /logo192.png 304 - - 0.184 ms {}
GET / 200 584 - 2.440 ms {}
GET /static/js/main.ab2b33e6.js 200 166162 - 0.578 ms {}
GET /static/js/main.ab2b33e6.js.map 200 455602 - 0.500 ms {}
GET /api/persons 304 - - 32.230 ms {}
GET /favicon.ico 200 3870 - 0.859 ms {}
GET /manifest.json 200 492 - 0.765 ms {}
GET /logo192.png 200 5347 - 0.262 ms {}
GET / 304 - - 1.913 ms {}
GET /static/js/main.ab2b33e6.js 304 - - 0.494 ms {}
GET /static/js/main.ab2b33e6.js.map 200 455602 - 1.166 ms {}
GET /api/persons 200 244 - 32.381 ms {}
GET /favicon.ico 304 - - 0.569 ms {}
GET /manifest.json 304 - - 0.197 ms {}
GET /logo192.png 304 - - 0.252 ms {}
PUT /api/persons/630b0a516894ae5c68ae7693 200 78 - 32.495 ms {"number":"123456789"}
POST /api/persons 201 65 - 8.198 ms {"name":"a","number":"123456789"}
GET /api/persons 200 243 - 36.159 ms {}
POST /api/persons 201 109 - 5.895 ms {"name":"a","number":"123456789"}
GET /api/persons 304 - - 32.323 ms {}
GET /favicon.ico 304 - - 1.280 ms {}
POST /api/persons 400 109 - 5.680 ms {"name":"a","number":"123456789"}
GET /api/persons 304 - - 36.081 ms {}
GET /favicon.ico 304 - - 0.952 ms {}
POST /api/persons 400 109 - 3.581 ms {"name":"a","number":"123456789"}
GET / 304 - - 0.455 ms {}
GET /static/js/main.ab2b33e6.js 304 - - 0.407 ms {}
GET /api/persons 304 - - 31.143 ms {}
GET /manifest.json 304 - - 0.189 ms {}
GET /logo192.png 304 - - 0.206 ms {}
GET /manifest.json 304 - - 0.338 ms {}
GET /static/js/main.ab2b33e6.js.map 200 455602 - 1.172 ms {}
POST /api/persons 400 109 - 0.745 ms {"name":"a","number":"15646464"}
GET / 200 584 - 2.473 ms {}
GET /static/js/main.3c2435a5.js 200 166173 - 0.626 ms {}
GET /static/js/main.3c2435a5.js.map 200 455804 - 0.455 ms {}
GET /api/persons 304 - - 31.216 ms {}
GET /favicon.ico 200 3870 - 1.026 ms {}
GET /manifest.json 200 492 - 0.930 ms {}
GET /logo192.png 200 5347 - 0.332 ms {}
POST /api/persons 400 109 - 4.164 ms {"name":"a","number":"56165461"}
GET / 200 584 - 2.722 ms {}
GET /static/js/main.4b786b24.js 200 166203 - 0.811 ms {}
GET /static/js/main.4b786b24.js.map 200 455874 - 0.527 ms {}
GET /api/persons 304 - - 32.669 ms {}
GET /favicon.ico 200 3870 - 0.880 ms {}
GET /manifest.json 200 492 - 0.790 ms {}
GET /logo192.png 200 5347 - 0.318 ms {}
POST /api/persons 400 109 - 3.587 ms {"name":"a","number":"365465"}
PUT /api/persons/630b0a516894ae5c68ae7693 200 75 - 37.731 ms {"number":"365465"}
GET / 304 - - 1.788 ms {}
GET /static/js/main.4b786b24.js 304 - - 0.602 ms {}
GET /api/persons 200 240 - 33.049 ms {}
GET /manifest.json 304 - - 0.292 ms {}
GET /logo192.png 304 - - 0.275 ms {}
POST /api/persons 400 141 - 37.623 ms {"name":"Hovado","number":"213546879"}
POST /api/persons 201 70 - 78.384 ms {"name":"Hovado","number":"08-123456"}
POST /api/persons 400 49 - 26.213 ms {"name":"Hovado","number":"123456789"}
DELETE /api/persons/630b43801b22f0891a2e87a6 204 - - 82.538 ms {}
DELETE /api/persons/630b0a516894ae5c68ae7693 204 - - 84.460 ms {}
GET / 304 - - 0.350 ms {}
GET /static/js/main.4b786b24.js 304 - - 0.268 ms {}
GET /favicon.ico 304 - - 0.404 ms {}
GET /manifest.json 304 - - 0.521 ms {}
GET /api/persons 200 164 - 25.585 ms {}
GET /logo192.png 304 - - 0.320 ms {}
